Analysis & Synthesis report for cpe271-final-project
Mon Dec 04 16:00:45 2023
Quartus Prime Version 19.1.0 Build 670 09/22/2019 SJ Lite Edition


---------------------
; Table of Contents ;
---------------------
  1. Legal Notice
  2. Analysis & Synthesis Summary
  3. Analysis & Synthesis Settings
  4. Parallel Compilation
  5. Analysis & Synthesis Source Files Read
  6. Analysis & Synthesis Resource Usage Summary
  7. Analysis & Synthesis Resource Utilization by Entity
  8. General Register Statistics
  9. Post-Synthesis Netlist Statistics for Top Partition
 10. Elapsed Time Per Partition
 11. Analysis & Synthesis Messages



----------------
; Legal Notice ;
----------------
Copyright (C) 2019  Intel Corporation. All rights reserved.
Your use of Intel Corporation's design tools, logic functions 
and other software and tools, and any partner logic 
functions, and any output files from any of the foregoing 
(including device programming or simulation files), and any 
associated documentation or information are expressly subject 
to the terms and conditions of the Intel Program License 
Subscription Agreement, the Intel Quartus Prime License Agreement,
the Intel FPGA IP License Agreement, or other applicable license
agreement, including, without limitation, that your use is for
the sole purpose of programming logic devices manufactured by
Intel and sold by Intel or its authorized distributors.  Please
refer to the applicable agreement for further details, at
https://fpgasoftware.intel.com/eula.



+----------------------------------------------------------------------------------+
; Analysis & Synthesis Summary                                                     ;
+------------------------------------+---------------------------------------------+
; Analysis & Synthesis Status        ; Successful - Mon Dec 04 16:00:45 2023       ;
; Quartus Prime Version              ; 19.1.0 Build 670 09/22/2019 SJ Lite Edition ;
; Revision Name                      ; cpe271-final-project                        ;
; Top-level Entity Name              ; SimpleCPU_Template                          ;
; Family                             ; MAX 10                                      ;
; Total logic elements               ; 0                                           ;
;     Total combinational functions  ; 0                                           ;
;     Dedicated logic registers      ; 0                                           ;
; Total registers                    ; 0                                           ;
; Total pins                         ; 50                                          ;
; Total virtual pins                 ; 0                                           ;
; Total memory bits                  ; 0                                           ;
; Embedded Multiplier 9-bit elements ; 0                                           ;
; Total PLLs                         ; 0                                           ;
; UFM blocks                         ; 0                                           ;
; ADC blocks                         ; 0                                           ;
+------------------------------------+---------------------------------------------+


+--------------------------------------------------------------------------------------------------------------+
; Analysis & Synthesis Settings                                                                                ;
+------------------------------------------------------------------+--------------------+----------------------+
; Option                                                           ; Setting            ; Default Value        ;
+------------------------------------------------------------------+--------------------+----------------------+
; Device                                                           ; 10M50DAF484C7G     ;                      ;
; Top-level entity name                                            ; SimpleCPU_Template ; cpe271-final-project ;
; Family name                                                      ; MAX 10             ; Cyclone V            ;
; Use smart compilation                                            ; Off                ; Off                  ;
; Enable parallel Assembler and Timing Analyzer during compilation ; On                 ; On                   ;
; Enable compact report table                                      ; Off                ; Off                  ;
; Restructure Multiplexers                                         ; Auto               ; Auto                 ;
; Create Debugging Nodes for IP Cores                              ; Off                ; Off                  ;
; Preserve fewer node names                                        ; On                 ; On                   ;
; Intel FPGA IP Evaluation Mode                                    ; Enable             ; Enable               ;
; Verilog Version                                                  ; Verilog_2001       ; Verilog_2001         ;
; VHDL Version                                                     ; VHDL_1993          ; VHDL_1993            ;
; State Machine Processing                                         ; Auto               ; Auto                 ;
; Safe State Machine                                               ; Off                ; Off                  ;
; Extract Verilog State Machines                                   ; On                 ; On                   ;
; Extract VHDL State Machines                                      ; On                 ; On                   ;
; Ignore Verilog initial constructs                                ; Off                ; Off                  ;
; Iteration limit for constant Verilog loops                       ; 5000               ; 5000                 ;
; Iteration limit for non-constant Verilog loops                   ; 250                ; 250                  ;
; Add Pass-Through Logic to Inferred RAMs                          ; On                 ; On                   ;
; Infer RAMs from Raw Logic                                        ; On                 ; On                   ;
; Parallel Synthesis                                               ; On                 ; On                   ;
; DSP Block Balancing                                              ; Auto               ; Auto                 ;
; NOT Gate Push-Back                                               ; On                 ; On                   ;
; Power-Up Don't Care                                              ; On                 ; On                   ;
; Remove Redundant Logic Cells                                     ; Off                ; Off                  ;
; Remove Duplicate Registers                                       ; On                 ; On                   ;
; Ignore CARRY Buffers                                             ; Off                ; Off                  ;
; Ignore CASCADE Buffers                                           ; Off                ; Off                  ;
; Ignore GLOBAL Buffers                                            ; Off                ; Off                  ;
; Ignore ROW GLOBAL Buffers                                        ; Off                ; Off                  ;
; Ignore LCELL Buffers                                             ; Off                ; Off                  ;
; Ignore SOFT Buffers                                              ; On                 ; On                   ;
; Limit AHDL Integers to 32 Bits                                   ; Off                ; Off                  ;
; Optimization Technique                                           ; Balanced           ; Balanced             ;
; Carry Chain Length                                               ; 70                 ; 70                   ;
; Auto Carry Chains                                                ; On                 ; On                   ;
; Auto Open-Drain Pins                                             ; On                 ; On                   ;
; Perform WYSIWYG Primitive Resynthesis                            ; Off                ; Off                  ;
; Auto ROM Replacement                                             ; On                 ; On                   ;
; Auto RAM Replacement                                             ; On                 ; On                   ;
; Auto DSP Block Replacement                                       ; On                 ; On                   ;
; Auto Shift Register Replacement                                  ; Auto               ; Auto                 ;
; Allow Shift Register Merging across Hierarchies                  ; Auto               ; Auto                 ;
; Auto Clock Enable Replacement                                    ; On                 ; On                   ;
; Strict RAM Replacement                                           ; Off                ; Off                  ;
; Allow Synchronous Control Signals                                ; On                 ; On                   ;
; Force Use of Synchronous Clear Signals                           ; Off                ; Off                  ;
; Auto RAM Block Balancing                                         ; On                 ; On                   ;
; Auto RAM to Logic Cell Conversion                                ; Off                ; Off                  ;
; Auto Resource Sharing                                            ; Off                ; Off                  ;
; Allow Any RAM Size For Recognition                               ; Off                ; Off                  ;
; Allow Any ROM Size For Recognition                               ; Off                ; Off                  ;
; Allow Any Shift Register Size For Recognition                    ; Off                ; Off                  ;
; Use LogicLock Constraints during Resource Balancing              ; On                 ; On                   ;
; Ignore translate_off and synthesis_off directives                ; Off                ; Off                  ;
; Timing-Driven Synthesis                                          ; On                 ; On                   ;
; Report Parameter Settings                                        ; On                 ; On                   ;
; Report Source Assignments                                        ; On                 ; On                   ;
; Report Connectivity Checks                                       ; On                 ; On                   ;
; Ignore Maximum Fan-Out Assignments                               ; Off                ; Off                  ;
; Synchronization Register Chain Length                            ; 2                  ; 2                    ;
; Power Optimization During Synthesis                              ; Normal compilation ; Normal compilation   ;
; HDL message level                                                ; Level2             ; Level2               ;
; Suppress Register Optimization Related Messages                  ; Off                ; Off                  ;
; Number of Removed Registers Reported in Synthesis Report         ; 5000               ; 5000                 ;
; Number of Swept Nodes Reported in Synthesis Report               ; 5000               ; 5000                 ;
; Number of Inverted Registers Reported in Synthesis Report        ; 100                ; 100                  ;
; Clock MUX Protection                                             ; On                 ; On                   ;
; Auto Gated Clock Conversion                                      ; Off                ; Off                  ;
; Block Design Naming                                              ; Auto               ; Auto                 ;
; SDC constraint protection                                        ; Off                ; Off                  ;
; Synthesis Effort                                                 ; Auto               ; Auto                 ;
; Shift Register Replacement - Allow Asynchronous Clear Signal     ; On                 ; On                   ;
; Pre-Mapping Resynthesis Optimization                             ; Off                ; Off                  ;
; Analysis & Synthesis Message Level                               ; Medium             ; Medium               ;
; Disable Register Merging Across Hierarchies                      ; Auto               ; Auto                 ;
; Resource Aware Inference For Block RAM                           ; On                 ; On                   ;
+------------------------------------------------------------------+--------------------+----------------------+


+------------------------------------------+
; Parallel Compilation                     ;
+----------------------------+-------------+
; Processors                 ; Number      ;
+----------------------------+-------------+
; Number detected on machine ; 8           ;
; Maximum allowed            ; 4           ;
;                            ;             ;
; Average used               ; 1.00        ;
; Maximum used               ; 1           ;
;                            ;             ;
; Usage by Processor         ; % Time Used ;
;     Processor 1            ; 100.0%      ;
+----------------------------+-------------+


+--------------------------------------------------------------------------------------------------------------------------------------------+
; Analysis & Synthesis Source Files Read                                                                                                     ;
+----------------------------------+-----------------+-----------------------+-----------------------------------------------------+---------+
; File Name with User-Entered Path ; Used in Netlist ; File Type             ; File Name with Absolute Path                        ; Library ;
+----------------------------------+-----------------+-----------------------+-----------------------------------------------------+---------+
; simplecpu_template.vhd           ; yes             ; Auto-Found VHDL File  ; C:/Temp/cpe271-final-project/simplecpu_template.vhd ;         ;
+----------------------------------+-----------------+-----------------------+-----------------------------------------------------+---------+


+-----------------------------------------------------+
; Analysis & Synthesis Resource Usage Summary         ;
+---------------------------------------------+-------+
; Resource                                    ; Usage ;
+---------------------------------------------+-------+
;                                             ;       ;
; Total combinational functions               ; 0     ;
; Logic element usage by number of LUT inputs ;       ;
;     -- 4 input functions                    ; 0     ;
;     -- 3 input functions                    ; 0     ;
;     -- <=2 input functions                  ; 0     ;
;                                             ;       ;
; Logic elements by mode                      ;       ;
;     -- normal mode                          ; 0     ;
;     -- arithmetic mode                      ; 0     ;
;                                             ;       ;
; Total registers                             ; 0     ;
;     -- Dedicated logic registers            ; 0     ;
;     -- I/O registers                        ; 0     ;
;                                             ;       ;
; I/O pins                                    ; 50    ;
;                                             ;       ;
; Embedded Multiplier 9-bit elements          ; 0     ;
;                                             ;       ;
; Maximum fan-out node                        ; clk   ;
; Maximum fan-out                             ; 1     ;
; Total fan-out                               ; 50    ;
; Average fan-out                             ; 0.50  ;
+---------------------------------------------+-------+


+-------------------------------------------------------------------------------------------------------------------------------------------------------------------------------------------------------------------------------------------+
; Analysis & Synthesis Resource Utilization by Entity                                                                                                                                                                                       ;
+----------------------------+---------------------+---------------------------+-------------+------------+--------------+---------+-----------+------+--------------+------------+---------------------+--------------------+--------------+
; Compilation Hierarchy Node ; Combinational ALUTs ; Dedicated Logic Registers ; Memory Bits ; UFM Blocks ; DSP Elements ; DSP 9x9 ; DSP 18x18 ; Pins ; Virtual Pins ; ADC blocks ; Full Hierarchy Name ; Entity Name        ; Library Name ;
+----------------------------+---------------------+---------------------------+-------------+------------+--------------+---------+-----------+------+--------------+------------+---------------------+--------------------+--------------+
; |SimpleCPU_Template        ; 0 (0)               ; 0 (0)                     ; 0           ; 0          ; 0            ; 0       ; 0         ; 50   ; 0            ; 0          ; |SimpleCPU_Template ; SimpleCPU_Template ; work         ;
+----------------------------+---------------------+---------------------------+-------------+------------+--------------+---------+-----------+------+--------------+------------+---------------------+--------------------+--------------+
Note: For table entries with two numbers listed, the numbers in parentheses indicate the number of resources of the given type used by the specific entity alone. The numbers listed outside of parentheses indicate the total resources of the given type used by the specific entity and all of its sub-entities in the hierarchy.


+------------------------------------------------------+
; General Register Statistics                          ;
+----------------------------------------------+-------+
; Statistic                                    ; Value ;
+----------------------------------------------+-------+
; Total registers                              ; 0     ;
; Number of registers using Synchronous Clear  ; 0     ;
; Number of registers using Synchronous Load   ; 0     ;
; Number of registers using Asynchronous Clear ; 0     ;
; Number of registers using Asynchronous Load  ; 0     ;
; Number of registers using Clock Enable       ; 0     ;
; Number of registers using Preset             ; 0     ;
+----------------------------------------------+-------+


+-----------------------------------------------------+
; Post-Synthesis Netlist Statistics for Top Partition ;
+-----------------------+-----------------------------+
; Type                  ; Count                       ;
+-----------------------+-----------------------------+
; boundary_port         ; 50                          ;
; cycloneiii_lcell_comb ; 1                           ;
;     normal            ; 1                           ;
;         0 data inputs ; 1                           ;
;                       ;                             ;
; Max LUT depth         ; 0.00                        ;
; Average LUT depth     ; 0.00                        ;
+-----------------------+-----------------------------+


+-------------------------------+
; Elapsed Time Per Partition    ;
+----------------+--------------+
; Partition Name ; Elapsed Time ;
+----------------+--------------+
; Top            ; 00:00:00     ;
+----------------+--------------+


+-------------------------------+
; Analysis & Synthesis Messages ;
+-------------------------------+
Info: *******************************************************************
Info: Running Quartus Prime Analysis & Synthesis
    Info: Version 19.1.0 Build 670 09/22/2019 SJ Lite Edition
    Info: Processing started: Mon Dec 04 16:00:32 2023
Info: Command: quartus_map --read_settings_files=on --write_settings_files=off cpe271-final-project -c cpe271-final-project
Warning (18236): Number of processors has not been specified which may cause overloading on shared machines.  Set the global assignment NUM_PARALLEL_PROCESSORS in your QSF to an appropriate value for best performance.
Info (20030): Parallel compilation is enabled and will use 4 of the 4 processors detected
Info (12021): Found 2 design units, including 1 entities, in source file twotoonemux.vhd
    Info (12022): Found design unit 1: TwoToOneMux-behavior File: C:/Temp/cpe271-final-project/TwoToOneMux.vhd Line: 16
    Info (12023): Found entity 1: TwoToOneMux File: C:/Temp/cpe271-final-project/TwoToOneMux.vhd Line: 7
Info (12021): Found 2 design units, including 1 entities, in source file sevenseg.vhd
    Info (12022): Found design unit 1: sevenseg-behavior File: C:/Temp/cpe271-final-project/sevenseg.vhd Line: 13
    Info (12023): Found entity 1: sevenseg File: C:/Temp/cpe271-final-project/sevenseg.vhd Line: 6
Info (12021): Found 2 design units, including 1 entities, in source file reg.vhd
    Info (12022): Found design unit 1: reg-behavior File: C:/Temp/cpe271-final-project/reg.vhd Line: 16
    Info (12023): Found entity 1: reg File: C:/Temp/cpe271-final-project/reg.vhd Line: 7
Info (12021): Found 2 design units, including 1 entities, in source file programcounter.vhd
    Info (12022): Found design unit 1: ProgramCounter-behavior File: C:/Temp/cpe271-final-project/ProgramCounter.vhd Line: 16
    Info (12023): Found entity 1: ProgramCounter File: C:/Temp/cpe271-final-project/ProgramCounter.vhd Line: 8
Info (12021): Found 2 design units, including 1 entities, in source file memory_8_by_32.vhd
    Info (12022): Found design unit 1: memory_8_by_32-behavior File: C:/Temp/cpe271-final-project/memory_8_by_32.vhd Line: 17
    Info (12023): Found entity 1: memory_8_by_32 File: C:/Temp/cpe271-final-project/memory_8_by_32.vhd Line: 7
Info (12021): Found 2 design units, including 1 entities, in source file controlunit.vhd
    Info (12022): Found design unit 1: ControlUnit-behavior File: C:/Temp/cpe271-final-project/ControlUnit.vhd Line: 27
    Info (12023): Found entity 1: ControlUnit File: C:/Temp/cpe271-final-project/ControlUnit.vhd Line: 7
Info (12021): Found 2 design units, including 1 entities, in source file alu.vhd
    Info (12022): Found design unit 1: alu-behavior File: C:/Temp/cpe271-final-project/alu.vhd Line: 18
    Info (12023): Found entity 1: alu File: C:/Temp/cpe271-final-project/alu.vhd Line: 8
Info (12021): Found 2 design units, including 1 entities, in source file cpu.vhd
    Info (12022): Found design unit 1: cpu-behavior File: C:/Temp/cpe271-final-project/cpu.vhd Line: 20
    Info (12023): Found entity 1: cpu File: C:/Temp/cpe271-final-project/cpu.vhd Line: 5
Warning (12125): Using design file simplecpu_template.vhd, which is not specified as a design file for the current project, but contains definitions for 2 design units and 1 entities in project
    Info (12022): Found design unit 1: SimpleCPU_Template-behavior File: C:/Temp/cpe271-final-project/simplecpu_template.vhd Line: 21
    Info (12023): Found entity 1: SimpleCPU_Template File: C:/Temp/cpe271-final-project/simplecpu_template.vhd Line: 5
Info (12127): Elaborating entity "SimpleCPU_Template" for the top level hierarchy
Warning (10541): VHDL Signal Declaration warning at simplecpu_template.vhd(10): used implicit default value for signal "pcOut" because signal was never assigned a value or an explicit default value. Use of implicit default value may introduce unintended design optimizations. File: C:/Temp/cpe271-final-project/simplecpu_template.vhd Line: 10
Warning (10541): VHDL Signal Declaration warning at simplecpu_template.vhd(11): used implicit default value for signal "marOut" because signal was never assigned a value or an explicit default value. Use of implicit default value may introduce unintended design optimizations. File: C:/Temp/cpe271-final-project/simplecpu_template.vhd Line: 11
Warning (10541): VHDL Signal Declaration warning at simplecpu_template.vhd(12): used implicit default value for signal "irOutput" because signal was never assigned a value or an explicit default value. Use of implicit default value may introduce unintended design optimizations. File: C:/Temp/cpe271-final-project/simplecpu_template.vhd Line: 12
Warning (10541): VHDL Signal Declaration warning at simplecpu_template.vhd(13): used implicit default value for signal "mdriOutput" because signal was never assigned a value or an explicit default value. Use of implicit default value may introduce unintended design optimizations. File: C:/Temp/cpe271-final-project/simplecpu_template.vhd Line: 13
Warning (10541): VHDL Signal Declaration warning at simplecpu_template.vhd(14): used implicit default value for signal "mdroOutput" because signal was never assigned a value or an explicit default value. Use of implicit default value may introduce unintended design optimizations. File: C:/Temp/cpe271-final-project/simplecpu_template.vhd Line: 14
Warning (10541): VHDL Signal Declaration warning at simplecpu_template.vhd(15): used implicit default value for signal "aOut" because signal was never assigned a value or an explicit default value. Use of implicit default value may introduce unintended design optimizations. File: C:/Temp/cpe271-final-project/simplecpu_template.vhd Line: 15
Warning (10541): VHDL Signal Declaration warning at simplecpu_template.vhd(16): used implicit default value for signal "incrementOut" because signal was never assigned a value or an explicit default value. Use of implicit default value may introduce unintended design optimizations. File: C:/Temp/cpe271-final-project/simplecpu_template.vhd Line: 16
Warning (13024): Output pins are stuck at VCC or GND
    Warning (13410): Pin "pcOut[0]" is stuck at GND File: C:/Temp/cpe271-final-project/simplecpu_template.vhd Line: 10
    Warning (13410): Pin "pcOut[1]" is stuck at GND File: C:/Temp/cpe271-final-project/simplecpu_template.vhd Line: 10
    Warning (13410): Pin "pcOut[2]" is stuck at GND File: C:/Temp/cpe271-final-project/simplecpu_template.vhd Line: 10
    Warning (13410): Pin "pcOut[3]" is stuck at GND File: C:/Temp/cpe271-final-project/simplecpu_template.vhd Line: 10
    Warning (13410): Pin "pcOut[4]" is stuck at GND File: C:/Temp/cpe271-final-project/simplecpu_template.vhd Line: 10
    Warning (13410): Pin "pcOut[5]" is stuck at GND File: C:/Temp/cpe271-final-project/simplecpu_template.vhd Line: 10
    Warning (13410): Pin "pcOut[6]" is stuck at GND File: C:/Temp/cpe271-final-project/simplecpu_template.vhd Line: 10
    Warning (13410): Pin "pcOut[7]" is stuck at GND File: C:/Temp/cpe271-final-project/simplecpu_template.vhd Line: 10
    Warning (13410): Pin "marOut[0]" is stuck at GND File: C:/Temp/cpe271-final-project/simplecpu_template.vhd Line: 11
    Warning (13410): Pin "marOut[1]" is stuck at GND File: C:/Temp/cpe271-final-project/simplecpu_template.vhd Line: 11
    Warning (13410): Pin "marOut[2]" is stuck at GND File: C:/Temp/cpe271-final-project/simplecpu_template.vhd Line: 11
    Warning (13410): Pin "marOut[3]" is stuck at GND File: C:/Temp/cpe271-final-project/simplecpu_template.vhd Line: 11
    Warning (13410): Pin "marOut[4]" is stuck at GND File: C:/Temp/cpe271-final-project/simplecpu_template.vhd Line: 11
    Warning (13410): Pin "marOut[5]" is stuck at GND File: C:/Temp/cpe271-final-project/simplecpu_template.vhd Line: 11
    Warning (13410): Pin "marOut[6]" is stuck at GND File: C:/Temp/cpe271-final-project/simplecpu_template.vhd Line: 11
    Warning (13410): Pin "marOut[7]" is stuck at GND File: C:/Temp/cpe271-final-project/simplecpu_template.vhd Line: 11
    Warning (13410): Pin "irOutput[0]" is stuck at GND File: C:/Temp/cpe271-final-project/simplecpu_template.vhd Line: 12
    Warning (13410): Pin "irOutput[1]" is stuck at GND File: C:/Temp/cpe271-final-project/simplecpu_template.vhd Line: 12
    Warning (13410): Pin "irOutput[2]" is stuck at GND File: C:/Temp/cpe271-final-project/simplecpu_template.vhd Line: 12
    Warning (13410): Pin "irOutput[3]" is stuck at GND File: C:/Temp/cpe271-final-project/simplecpu_template.vhd Line: 12
    Warning (13410): Pin "irOutput[4]" is stuck at GND File: C:/Temp/cpe271-final-project/simplecpu_template.vhd Line: 12
    Warning (13410): Pin "irOutput[5]" is stuck at GND File: C:/Temp/cpe271-final-project/simplecpu_template.vhd Line: 12
    Warning (13410): Pin "irOutput[6]" is stuck at GND File: C:/Temp/cpe271-final-project/simplecpu_template.vhd Line: 12
    Warning (13410): Pin "irOutput[7]" is stuck at GND File: C:/Temp/cpe271-final-project/simplecpu_template.vhd Line: 12
    Warning (13410): Pin "mdriOutput[0]" is stuck at GND File: C:/Temp/cpe271-final-project/simplecpu_template.vhd Line: 13
    Warning (13410): Pin "mdriOutput[1]" is stuck at GND File: C:/Temp/cpe271-final-project/simplecpu_template.vhd Line: 13
    Warning (13410): Pin "mdriOutput[2]" is stuck at GND File: C:/Temp/cpe271-final-project/simplecpu_template.vhd Line: 13
    Warning (13410): Pin "mdriOutput[3]" is stuck at GND File: C:/Temp/cpe271-final-project/simplecpu_template.vhd Line: 13
    Warning (13410): Pin "mdriOutput[4]" is stuck at GND File: C:/Temp/cpe271-final-project/simplecpu_template.vhd Line: 13
    Warning (13410): Pin "mdriOutput[5]" is stuck at GND File: C:/Temp/cpe271-final-project/simplecpu_template.vhd Line: 13
    Warning (13410): Pin "mdriOutput[6]" is stuck at GND File: C:/Temp/cpe271-final-project/simplecpu_template.vhd Line: 13
    Warning (13410): Pin "mdriOutput[7]" is stuck at GND File: C:/Temp/cpe271-final-project/simplecpu_template.vhd Line: 13
    Warning (13410): Pin "mdroOutput[0]" is stuck at GND File: C:/Temp/cpe271-final-project/simplecpu_template.vhd Line: 14
    Warning (13410): Pin "mdroOutput[1]" is stuck at GND File: C:/Temp/cpe271-final-project/simplecpu_template.vhd Line: 14
    Warning (13410): Pin "mdroOutput[2]" is stuck at GND File: C:/Temp/cpe271-final-project/simplecpu_template.vhd Line: 14
    Warning (13410): Pin "mdroOutput[3]" is stuck at GND File: C:/Temp/cpe271-final-project/simplecpu_template.vhd Line: 14
    Warning (13410): Pin "mdroOutput[4]" is stuck at GND File: C:/Temp/cpe271-final-project/simplecpu_template.vhd Line: 14
    Warning (13410): Pin "mdroOutput[5]" is stuck at GND File: C:/Temp/cpe271-final-project/simplecpu_template.vhd Line: 14
    Warning (13410): Pin "mdroOutput[6]" is stuck at GND File: C:/Temp/cpe271-final-project/simplecpu_template.vhd Line: 14
    Warning (13410): Pin "mdroOutput[7]" is stuck at GND File: C:/Temp/cpe271-final-project/simplecpu_template.vhd Line: 14
    Warning (13410): Pin "aOut[0]" is stuck at GND File: C:/Temp/cpe271-final-project/simplecpu_template.vhd Line: 15
    Warning (13410): Pin "aOut[1]" is stuck at GND File: C:/Temp/cpe271-final-project/simplecpu_template.vhd Line: 15
    Warning (13410): Pin "aOut[2]" is stuck at GND File: C:/Temp/cpe271-final-project/simplecpu_template.vhd Line: 15
    Warning (13410): Pin "aOut[3]" is stuck at GND File: C:/Temp/cpe271-final-project/simplecpu_template.vhd Line: 15
    Warning (13410): Pin "aOut[4]" is stuck at GND File: C:/Temp/cpe271-final-project/simplecpu_template.vhd Line: 15
    Warning (13410): Pin "aOut[5]" is stuck at GND File: C:/Temp/cpe271-final-project/simplecpu_template.vhd Line: 15
    Warning (13410): Pin "aOut[6]" is stuck at GND File: C:/Temp/cpe271-final-project/simplecpu_template.vhd Line: 15
    Warning (13410): Pin "aOut[7]" is stuck at GND File: C:/Temp/cpe271-final-project/simplecpu_template.vhd Line: 15
    Warning (13410): Pin "incrementOut" is stuck at GND File: C:/Temp/cpe271-final-project/simplecpu_template.vhd Line: 16
Info (16010): Generating hard_block partition "hard_block:auto_generated_inst"
    Info (16011): Adding 0 node(s), including 0 DDIO, 0 PLL, 0 transceiver and 0 LCELL
Warning (21074): Design contains 1 input pin(s) that do not drive logic
    Warning (15610): No output dependent on input pin "clk" File: C:/Temp/cpe271-final-project/simplecpu_template.vhd Line: 9
Info (21057): Implemented 50 device resources after synthesis - the final resource count might be different
    Info (21058): Implemented 1 input pins
    Info (21059): Implemented 49 output pins
Info: Quartus Prime Analysis & Synthesis was successful. 0 errors, 61 warnings
    Info: Peak virtual memory: 4789 megabytes
    Info: Processing ended: Mon Dec 04 16:00:45 2023
    Info: Elapsed time: 00:00:13
    Info: Total CPU time (on all processors): 00:00:08


